
> vibe-generated-app@1.0.0 dev
> vite


  VITE v5.4.20  ready in 203 ms

  ➜  Local:   http://localhost:3000/
  ➜  Network: http://172.20.61.187:3000/
7:55:13 AM [vite] Pre-transform error: Transform failed with 1 error:
/home/workspace/src/components/Hero.jsx:27:102: ERROR: Unexpected backslash in JSX element
7:55:15 AM [vite] Internal server error: Transform failed with 1 error:
/home/workspace/src/components/Hero.jsx:27:102: ERROR: Unexpected backslash in JSX element
  Plugin: vite:esbuild
  File: /home/workspace/src/components/Hero.jsx:27:102
  
  Unexpected backslash in JSX element
  25 |        <div className="max-w-7xl mx-auto px-6 py-20 md:py-28 grid md:grid-cols-2 gap-10 items-center">
  26 |          <div>
  27 |            <h1 className="text-4xl md:text-5xl lg:text-6xl tracking-tight mb-4 font-[\"Playfair Display\",serif] text-[#5c432a] drop-shadow-[0_1px_0_rgba(255,255,255,0.6)]">
     |                                                                                                        ^
  28 |              <span className="font-extralight italic block text-[color:var(--sepia-ink,#5c432a)]">Relive the Magic of</span>
  29 |              <span className="block font-extrabold not-italic">Classic Read-Along Stories</span>
  
      at failureErrorWithLog (/home/workspace/node_modules/esbuild/lib/main.js:1472:15)
      at /home/workspace/node_modules/esbuild/lib/main.js:755:50
      at responseCallbacks.<computed> (/home/workspace/node_modules/esbuild/lib/main.js:622:9)
      at handleIncomingPacket (/home/workspace/node_modules/esbuild/lib/main.js:677:12)
      at Socket.readFromStdout (/home/workspace/node_modules/esbuild/lib/main.js:600:7)
      at Socket.emit (node:events:508:28)
      at addChunk (node:internal/streams/readable:559:12)
      at readableAddChunkPushByteMode (node:internal/streams/readable:510:3)
      at Readable.push (node:internal/streams/readable:390:5)
      at Pipe.onStreamRead (node:internal/stream_base_commons:189:23)
7:55:21 AM [vite] Internal server error: Transform failed with 1 error:
/home/workspace/src/components/Hero.jsx:27:102: ERROR: Unexpected backslash in JSX element
  Plugin: vite:esbuild
  File: /home/workspace/src/components/Hero.jsx:27:102
  
  Unexpected backslash in JSX element
  25 |        <div className="max-w-7xl mx-auto px-6 py-20 md:py-28 grid md:grid-cols-2 gap-10 items-center">
  26 |          <div>
  27 |            <h1 className="text-4xl md:text-5xl lg:text-6xl tracking-tight mb-4 font-[\"Playfair Display\",serif] text-[#5c432a] drop-shadow-[0_1px_0_rgba(255,255,255,0.6)]">
     |                                                                                                        ^
  28 |              <span className="font-extralight italic block text-[color:var(--sepia-ink,#5c432a)]">Relive the Magic of</span>
  29 |              <span className="block font-extrabold not-italic">Classic Read-Along Stories</span>
  
      at failureErrorWithLog (/home/workspace/node_modules/esbuild/lib/main.js:1472:15)
      at /home/workspace/node_modules/esbuild/lib/main.js:755:50
      at responseCallbacks.<computed> (/home/workspace/node_modules/esbuild/lib/main.js:622:9)
      at handleIncomingPacket (/home/workspace/node_modules/esbuild/lib/main.js:677:12)
      at Socket.readFromStdout (/home/workspace/node_modules/esbuild/lib/main.js:600:7)
      at Socket.emit (node:events:508:28)
      at addChunk (node:internal/streams/readable:559:12)
      at readableAddChunkPushByteMode (node:internal/streams/readable:510:3)
      at Readable.push (node:internal/streams/readable:390:5)
      at Pipe.onStreamRead (node:internal/stream_base_commons:189:23)
